<?xml version="1.0" encoding="UTF-8"?>
<!-- Generated by org.testng.reporters.JUnitXMLReporter -->
<testsuite ignored="0" hostname="LAPTOP-FSO08FDN" failures="0" tests="8" name="Default test" time="17.198" errors="0" timestamp="2024-02-19T10:17:26 PST">
  <testcase classname="com.test.exec.LumaFashion" name="openApp" time="0.534"/>
  <testcase classname="com.test.exec.LumaFashion" name="registration" time="1.479"/>
  <testcase classname="com.test.exec.LumaFashion" name="loginIncorrectPW" time="2.639"/>
  <testcase classname="com.test.exec.LumaFashion" name="loginBlankPW" time="1.097"/>
  <testcase classname="com.test.exec.LumaFashion" name="loginUnregisteredEmail" time="2.74"/>
  <testcase classname="com.test.exec.LumaFashion" name="loginBlankEmail" time="1.199"/>
  <testcase classname="com.test.exec.LumaFashion" name="searchProduct" time="1.935"/>
  <testcase classname="com.test.exec.LumaFashion" name="addToCart" time="5.193"/>
</testsuite> <!-- Default test -->
