<?xml version="1.0" encoding="UTF-8"?>
<!-- Generated by org.testng.reporters.JUnitXMLReporter -->
<testsuite ignored="0" hostname="LAPTOP-FSO08FDN" failures="0" tests="9" name="TestLumaFashion" time="17.75" errors="0" timestamp="2024-03-15T10:24:57 PDT">
  <testcase classname="com.test.exec.LumaFashion" name="openApp" time="0.525"/>
  <testcase classname="com.test.exec.LumaFashion" name="registration" time="2.619"/>
  <testcase classname="com.test.exec.LumaFashion" name="loginIncorrectPW" time="2.484"/>
  <testcase classname="com.test.exec.LumaFashion" name="loginBlankPW" time="1.361"/>
  <testcase classname="com.test.exec.LumaFashion" name="loginUnregisteredEmail" time="2.479"/>
  <testcase classname="com.test.exec.LumaFashion" name="loginBlankEmail" time="1.182"/>
  <testcase classname="com.test.exec.LumaFashion" name="searchProduct" time="1.627"/>
  <testcase classname="com.test.exec.LumaFashion" name="addToCart" time="4.72"/>
  <testcase classname="com.test.exec.LumaFashion" name="closeApp" time="0.15"/>
</testsuite> <!-- TestLumaFashion -->
