<?xml version="1.0" encoding="UTF-8"?>
<!-- Generated by org.testng.reporters.JUnitXMLReporter -->
<testsuite ignored="0" hostname="LAPTOP-FSO08FDN" failures="0" tests="9" name="TestLumaFashion" time="21.131" errors="0" timestamp="2024-03-14T15:51:49 PDT">
  <testcase classname="com.test.exec.LumaFashion" name="openApp" time="0.572"/>
  <testcase classname="com.test.exec.LumaFashion" name="registration" time="4.554"/>
  <testcase classname="com.test.exec.LumaFashion" name="loginIncorrectPW" time="2.693"/>
  <testcase classname="com.test.exec.LumaFashion" name="loginBlankPW" time="1.443"/>
  <testcase classname="com.test.exec.LumaFashion" name="loginUnregisteredEmail" time="2.767"/>
  <testcase classname="com.test.exec.LumaFashion" name="loginBlankEmail" time="1.448"/>
  <testcase classname="com.test.exec.LumaFashion" name="searchProduct" time="2.009"/>
  <testcase classname="com.test.exec.LumaFashion" name="addToCart" time="4.791"/>
  <testcase classname="com.test.exec.LumaFashion" name="closeApp" time="0.258"/>
</testsuite> <!-- TestLumaFashion -->
