<?xml version="1.0" encoding="UTF-8"?>
<!-- Generated by org.testng.reporters.JUnitXMLReporter -->
<testsuite ignored="0" hostname="LAPTOP-FSO08FDN" failures="0" tests="8" name="TestLumaFashion" time="18.415" errors="0" timestamp="2024-03-13T10:00:36 PDT">
  <testcase classname="com.test.exec.LumaFashion" name="openApp" time="0.611"/>
  <testcase classname="com.test.exec.LumaFashion" name="registration" time="2.09"/>
  <testcase classname="com.test.exec.LumaFashion" name="loginIncorrectPW" time="2.955"/>
  <testcase classname="com.test.exec.LumaFashion" name="loginBlankPW" time="1.417"/>
  <testcase classname="com.test.exec.LumaFashion" name="loginUnregisteredEmail" time="2.836"/>
  <testcase classname="com.test.exec.LumaFashion" name="loginBlankEmail" time="1.225"/>
  <testcase classname="com.test.exec.LumaFashion" name="searchProduct" time="2.051"/>
  <testcase classname="com.test.exec.LumaFashion" name="addToCart" time="4.619"/>
</testsuite> <!-- TestLumaFashion -->
