<?xml version="1.0" encoding="UTF-8"?>
<testsuite xmlns:xsi="http://www.w3.org/2001/XMLSchema-instance" xsi:noNamespaceSchemaLocation="https://maven.apache.org/surefire/maven-surefire-plugin/xsd/surefire-test-report-3.0.xsd" version="3.0" name="TestSuite" time="24.937" tests="9" errors="0" skipped="0" failures="0">
  <properties>
[...]
</properties>
  <testcase name="openApp" classname="com.test.exec.LumaFashion" time="0.518">
    <system-err><![CDATA[Mar 15, 2024 10:24:38 AM org.openqa.selenium.devtools.CdpVersionFinder findNearestMatch
WARNING: Unable to find an exact match for CDP version 122, returning the closest version; found: 121; Please update to a Selenium version that supports CDP version 122
]]></system-err>
  </testcase>
  <testcase name="registration" classname="com.test.exec.LumaFashion" time="2.618"/>
  <testcase name="loginIncorrectPW" classname="com.test.exec.LumaFashion" time="2.481">
    <system-out><![CDATA[INVALID PASSWORD SCENARIO. DISPLAYED MESSAGE: 'The account sign-in was incorrect or your account is disabled temporarily. Please wait and try again later.'
]]></system-out>
  </testcase>
  <testcase name="loginBlankPW" classname="com.test.exec.LumaFashion" time="1.359">
    <system-out><![CDATA[BLANK PASSWORD SCENARIO. DISPLAYED MESSAGE: 'This is a required field.'
]]></system-out>
  </testcase>
  <testcase name="loginUnregisteredEmail" classname="com.test.exec.LumaFashion" time="2.479">
    <system-out><![CDATA[INVALID EMAIL SCENARIO. DISPLAYED MESSAGE: 'The account sign-in was incorrect or your account is disabled temporarily. Please wait and try again later.'
]]></system-out>
  </testcase>
  <testcase name="loginBlankEmail" classname="com.test.exec.LumaFashion" time="1.187">
    <system-out><![CDATA[BLANK EMAIL SCENARIO. DISPLAYED MESSAGE: 'This is a required field.'
]]></system-out>
  </testcase>
  <testcase name="searchProduct" classname="com.test.exec.LumaFashion" time="1.627"/>
  <testcase name="addToCart" classname="com.test.exec.LumaFashion" time="4.722">
    <system-out><![CDATA[The item has been added to the cart successfully...
]]></system-out>
  </testcase>
  <testcase name="closeApp" classname="com.test.exec.LumaFashion" time="0.15"/>
</testsuite>