<?xml version="1.0" encoding="UTF-8"?>
<testng-results ignored="0" total="9" passed="9" failed="0" skipped="0">
  <reporter-output>
  </reporter-output>
  <suite started-at="2024-03-14T15:51:28 PDT" name="PizzaHutReportingSuite" finished-at="2024-03-14T15:51:49 PDT" duration-ms="21131">
    <groups>
    </groups>
    <test started-at="2024-03-14T15:51:28 PDT" name="TestLumaFashion" finished-at="2024-03-14T15:51:49 PDT" duration-ms="21131">
      <class name="com.test.exec.LumaFashion">
        <test-method is-config="true" signature="openApp()[pri:0, instance:com.test.exec.LumaFashion@1d9bec4d]" started-at="2024-03-14T15:51:26 PDT" name="openApp" finished-at="2024-03-14T15:51:28 PDT" duration-ms="1984" status="PASS">
          <reporter-output>
          </reporter-output>
        </test-method> <!-- openApp -->
        <test-method signature="openApp()[pri:0, instance:com.test.exec.LumaFashion@1d9bec4d]" started-at="2024-03-14T15:51:28 PDT" name="openApp" finished-at="2024-03-14T15:51:29 PDT" duration-ms="572" status="PASS">
          <reporter-output>
          </reporter-output>
        </test-method> <!-- openApp -->
        <test-method signature="registration()[pri:1, instance:com.test.exec.LumaFashion@1d9bec4d]" started-at="2024-03-14T15:51:29 PDT" name="registration" finished-at="2024-03-14T15:51:33 PDT" duration-ms="4554" status="PASS">
          <reporter-output>
          </reporter-output>
        </test-method> <!-- registration -->
        <test-method signature="loginIncorrectPW()[pri:2, instance:com.test.exec.LumaFashion@1d9bec4d]" started-at="2024-03-14T15:51:33 PDT" name="loginIncorrectPW" finished-at="2024-03-14T15:51:36 PDT" duration-ms="2693" status="PASS">
          <reporter-output>
          </reporter-output>
        </test-method> <!-- loginIncorrectPW -->
        <test-method signature="loginBlankPW()[pri:3, instance:com.test.exec.LumaFashion@1d9bec4d]" started-at="2024-03-14T15:51:36 PDT" name="loginBlankPW" finished-at="2024-03-14T15:51:37 PDT" duration-ms="1443" status="PASS">
          <reporter-output>
          </reporter-output>
        </test-method> <!-- loginBlankPW -->
        <test-method signature="loginUnregisteredEmail()[pri:4, instance:com.test.exec.LumaFashion@1d9bec4d]" started-at="2024-03-14T15:51:37 PDT" name="loginUnregisteredEmail" finished-at="2024-03-14T15:51:40 PDT" duration-ms="2767" status="PASS">
          <reporter-output>
          </reporter-output>
        </test-method> <!-- loginUnregisteredEmail -->
        <test-method signature="loginBlankEmail()[pri:5, instance:com.test.exec.LumaFashion@1d9bec4d]" started-at="2024-03-14T15:51:40 PDT" name="loginBlankEmail" finished-at="2024-03-14T15:51:42 PDT" duration-ms="1448" status="PASS">
          <reporter-output>
          </reporter-output>
        </test-method> <!-- loginBlankEmail -->
        <test-method signature="searchProduct()[pri:6, instance:com.test.exec.LumaFashion@1d9bec4d]" started-at="2024-03-14T15:51:42 PDT" name="searchProduct" finished-at="2024-03-14T15:51:44 PDT" duration-ms="2009" status="PASS">
          <reporter-output>
          </reporter-output>
        </test-method> <!-- searchProduct -->
        <test-method signature="addToCart()[pri:7, instance:com.test.exec.LumaFashion@1d9bec4d]" started-at="2024-03-14T15:51:44 PDT" name="addToCart" finished-at="2024-03-14T15:51:48 PDT" duration-ms="4791" status="PASS">
          <reporter-output>
          </reporter-output>
        </test-method> <!-- addToCart -->
        <test-method signature="closeApp()[pri:8, instance:com.test.exec.LumaFashion@1d9bec4d]" started-at="2024-03-14T15:51:48 PDT" name="closeApp" finished-at="2024-03-14T15:51:49 PDT" duration-ms="258" status="PASS">
          <reporter-output>
          </reporter-output>
        </test-method> <!-- closeApp -->
      </class> <!-- com.test.exec.LumaFashion -->
    </test> <!-- TestLumaFashion -->
  </suite> <!-- PizzaHutReportingSuite -->
</testng-results>
