<?xml version="1.0" encoding="UTF-8"?>
<testng-results ignored="0" total="9" passed="9" failed="0" skipped="0">
  <reporter-output>
  </reporter-output>
  <suite started-at="2024-03-15T22:31:13 PDT" name="Default suite" finished-at="2024-03-15T22:31:32 PDT" duration-ms="19613">
    <groups>
    </groups>
    <test started-at="2024-03-15T22:31:13 PDT" name="Default test" finished-at="2024-03-15T22:31:32 PDT" duration-ms="19613">
      <class name="com.test.exec.LumaFashion">
        <test-method is-config="true" signature="openApp()[pri:0, instance:com.test.exec.LumaFashion@5cc69cfe]" started-at="2024-03-15T22:31:10 PDT" name="openApp" finished-at="2024-03-15T22:31:13 PDT" duration-ms="2542" status="PASS">
          <reporter-output>
          </reporter-output>
        </test-method> <!-- openApp -->
        <test-method signature="openApp()[pri:0, instance:com.test.exec.LumaFashion@5cc69cfe]" started-at="2024-03-15T22:31:13 PDT" name="openApp" finished-at="2024-03-15T22:31:14 PDT" duration-ms="647" status="PASS">
          <reporter-output>
          </reporter-output>
        </test-method> <!-- openApp -->
        <test-method signature="registration()[pri:1, instance:com.test.exec.LumaFashion@5cc69cfe]" started-at="2024-03-15T22:31:14 PDT" name="registration" finished-at="2024-03-15T22:31:17 PDT" duration-ms="2802" status="PASS">
          <reporter-output>
          </reporter-output>
        </test-method> <!-- registration -->
        <test-method signature="loginIncorrectPW()[pri:2, instance:com.test.exec.LumaFashion@5cc69cfe]" started-at="2024-03-15T22:31:17 PDT" name="loginIncorrectPW" finished-at="2024-03-15T22:31:20 PDT" duration-ms="3279" status="PASS">
          <reporter-output>
          </reporter-output>
        </test-method> <!-- loginIncorrectPW -->
        <test-method signature="loginBlankPW()[pri:3, instance:com.test.exec.LumaFashion@5cc69cfe]" started-at="2024-03-15T22:31:20 PDT" name="loginBlankPW" finished-at="2024-03-15T22:31:21 PDT" duration-ms="1317" status="PASS">
          <reporter-output>
          </reporter-output>
        </test-method> <!-- loginBlankPW -->
        <test-method signature="loginUnregisteredEmail()[pri:4, instance:com.test.exec.LumaFashion@5cc69cfe]" started-at="2024-03-15T22:31:21 PDT" name="loginUnregisteredEmail" finished-at="2024-03-15T22:31:24 PDT" duration-ms="2631" status="PASS">
          <reporter-output>
          </reporter-output>
        </test-method> <!-- loginUnregisteredEmail -->
        <test-method signature="loginBlankEmail()[pri:5, instance:com.test.exec.LumaFashion@5cc69cfe]" started-at="2024-03-15T22:31:24 PDT" name="loginBlankEmail" finished-at="2024-03-15T22:31:25 PDT" duration-ms="1257" status="PASS">
          <reporter-output>
          </reporter-output>
        </test-method> <!-- loginBlankEmail -->
        <test-method signature="searchProduct()[pri:6, instance:com.test.exec.LumaFashion@5cc69cfe]" started-at="2024-03-15T22:31:25 PDT" name="searchProduct" finished-at="2024-03-15T22:31:27 PDT" duration-ms="1963" status="PASS">
          <reporter-output>
          </reporter-output>
        </test-method> <!-- searchProduct -->
        <test-method signature="addToCart()[pri:7, instance:com.test.exec.LumaFashion@5cc69cfe]" started-at="2024-03-15T22:31:27 PDT" name="addToCart" finished-at="2024-03-15T22:31:32 PDT" duration-ms="5035" status="PASS">
          <reporter-output>
          </reporter-output>
        </test-method> <!-- addToCart -->
        <test-method signature="closeApp()[pri:8, instance:com.test.exec.LumaFashion@5cc69cfe]" started-at="2024-03-15T22:31:32 PDT" name="closeApp" finished-at="2024-03-15T22:31:32 PDT" duration-ms="178" status="PASS">
          <reporter-output>
          </reporter-output>
        </test-method> <!-- closeApp -->
      </class> <!-- com.test.exec.LumaFashion -->
    </test> <!-- Default test -->
  </suite> <!-- Default suite -->
</testng-results>
